
*** Running vivado
    with args -log d_lmb_bram_0.vds -m64 -product Vivado -mode batch -messageDb vivado.pb -notrace -source d_lmb_bram_0.tcl


****** Vivado v2016.3 (64-bit)
  **** SW Build 1682563 on Mon Oct 10 19:07:27 MDT 2016
  **** IP Build 1681267 on Mon Oct 10 21:28:31 MDT 2016
    ** Copyright 1986-2016 Xilinx, Inc. All Rights Reserved.

source d_lmb_bram_0.tcl -notrace
Starting RTL Elaboration : Time (s): cpu = 00:00:07 ; elapsed = 00:00:07 . Memory (MB): peak = 355.305 ; gain = 144.984
INFO: [Synth 8-638] synthesizing module 'd_lmb_bram_0' [d:/Nora/cmod_a7_projects/microblaze_new/microblaze_new.srcs/sources_1/bd/d/ip/d_lmb_bram_0/synth/d_lmb_bram_0.vhd:78]
INFO: [Synth 8-256] done synthesizing module 'd_lmb_bram_0' (11#1) [d:/Nora/cmod_a7_projects/microblaze_new/microblaze_new.srcs/sources_1/bd/d/ip/d_lmb_bram_0/synth/d_lmb_bram_0.vhd:78]
Finished RTL Elaboration : Time (s): cpu = 00:00:42 ; elapsed = 00:00:43 . Memory (MB): peak = 554.570 ; gain = 344.250
Finished RTL Optimization Phase 1 : Time (s): cpu = 00:00:42 ; elapsed = 00:00:43 . Memory (MB): peak = 554.570 ; gain = 344.250
INFO: [Device 21-403] Loading part xc7a15tcpg236-1
Constraint Validation Runtime : Time (s): cpu = 00:00:00 ; elapsed = 00:00:00.015 . Memory (MB): peak = 656.672 ; gain = 0.000
Finished Constraint Validation : Time (s): cpu = 00:00:48 ; elapsed = 00:00:49 . Memory (MB): peak = 656.672 ; gain = 446.352
Finished Loading Part and Timing Information : Time (s): cpu = 00:00:48 ; elapsed = 00:00:49 . Memory (MB): peak = 656.672 ; gain = 446.352
Finished applying 'set_property' XDC Constraints : Time (s): cpu = 00:00:48 ; elapsed = 00:00:49 . Memory (MB): peak = 656.672 ; gain = 446.352
Finished RTL Optimization Phase 2 : Time (s): cpu = 00:00:48 ; elapsed = 00:00:49 . Memory (MB): peak = 656.672 ; gain = 446.352
Finished Cross Boundary and Area Optimization : Time (s): cpu = 00:00:48 ; elapsed = 00:00:49 . Memory (MB): peak = 656.672 ; gain = 446.352
Finished Applying XDC Timing Constraints : Time (s): cpu = 00:00:55 ; elapsed = 00:00:56 . Memory (MB): peak = 656.672 ; gain = 446.352
Finished Timing Optimization : Time (s): cpu = 00:00:55 ; elapsed = 00:00:56 . Memory (MB): peak = 656.672 ; gain = 446.352
Finished Technology Mapping : Time (s): cpu = 00:00:55 ; elapsed = 00:00:56 . Memory (MB): peak = 656.672 ; gain = 446.352
Finished IO Insertion : Time (s): cpu = 00:00:55 ; elapsed = 00:00:56 . Memory (MB): peak = 656.672 ; gain = 446.352
Finished Renaming Generated Instances : Time (s): cpu = 00:00:55 ; elapsed = 00:00:56 . Memory (MB): peak = 656.672 ; gain = 446.352
Finished Rebuilding User Hierarchy : Time (s): cpu = 00:00:55 ; elapsed = 00:00:56 . Memory (MB): peak = 656.672 ; gain = 446.352
Finished Renaming Generated Ports : Time (s): cpu = 00:00:55 ; elapsed = 00:00:56 . Memory (MB): peak = 656.672 ; gain = 446.352
Finished Handling Custom Attributes : Time (s): cpu = 00:00:55 ; elapsed = 00:00:57 . Memory (MB): peak = 656.672 ; gain = 446.352
Finished Renaming Generated Nets : Time (s): cpu = 00:00:55 ; elapsed = 00:00:57 . Memory (MB): peak = 656.672 ; gain = 446.352

Report Cell Usage: 
+------+---------+------+
|      |Cell     |Count |
+------+---------+------+
|1     |RAMB36E1 |     8|
+------+---------+------+
Finished Writing Synthesis Report : Time (s): cpu = 00:00:55 ; elapsed = 00:00:57 . Memory (MB): peak = 656.672 ; gain = 446.352
synth_design: Time (s): cpu = 00:00:52 ; elapsed = 00:00:54 . Memory (MB): peak = 683.977 ; gain = 410.965
