INFO: [VRFC 10-163] Analyzing VHDL file "D:/Nora/cmod_a7_projects/microblaze_new/microblaze_new.srcs/sources_1/new/adc_io.vhd" into library xil_defaultlib
INFO: [VRFC 10-307] analyzing entity adc_io
INFO: [VRFC 10-163] Analyzing VHDL file "D:/Nora/cmod_a7_projects/microblaze_new/microblaze_new.ip_user_files/bd/d/ip/d_microblaze_0_0/sim/d_microblaze_0_0.vhd" into library xil_defaultlib
INFO: [VRFC 10-307] analyzing entity d_microblaze_0_0
INFO: [VRFC 10-163] Analyzing VHDL file "D:/Nora/cmod_a7_projects/microblaze_new/microblaze_new.ip_user_files/bd/d/ip/d_clk_wiz_0_0/d_clk_wiz_0_0_sim_netlist.vhdl" into library xil_defaultlib
INFO: [VRFC 10-307] analyzing entity d_clk_wiz_0_0_d_clk_wiz_0_0_clk_wiz
INFO: [VRFC 10-307] analyzing entity d_clk_wiz_0_0
INFO: [VRFC 10-163] Analyzing VHDL file "D:/Nora/cmod_a7_projects/microblaze_new/microblaze_new.ip_user_files/bd/d/ip/d_dlmb_v10_0/sim/d_dlmb_v10_0.vhd" into library xil_defaultlib
INFO: [VRFC 10-307] analyzing entity d_dlmb_v10_0
INFO: [VRFC 10-163] Analyzing VHDL file "D:/Nora/cmod_a7_projects/microblaze_new/microblaze_new.ip_user_files/bd/d/ip/d_ilmb_v10_0/sim/d_ilmb_v10_0.vhd" into library xil_defaultlib
INFO: [VRFC 10-307] analyzing entity d_ilmb_v10_0
INFO: [VRFC 10-163] Analyzing VHDL file "D:/Nora/cmod_a7_projects/microblaze_new/microblaze_new.ip_user_files/bd/d/ip/d_dlmb_bram_if_cntlr_0/sim/d_dlmb_bram_if_cntlr_0.vhd" into library xil_defaultlib
INFO: [VRFC 10-307] analyzing entity d_dlmb_bram_if_cntlr_0
INFO: [VRFC 10-163] Analyzing VHDL file "D:/Nora/cmod_a7_projects/microblaze_new/microblaze_new.ip_user_files/bd/d/ip/d_ilmb_bram_if_cntlr_0/sim/d_ilmb_bram_if_cntlr_0.vhd" into library xil_defaultlib
INFO: [VRFC 10-307] analyzing entity d_ilmb_bram_if_cntlr_0
INFO: [VRFC 10-163] Analyzing VHDL file "D:/Nora/cmod_a7_projects/microblaze_new/microblaze_new.ip_user_files/bd/d/ip/d_lmb_bram_0/d_lmb_bram_0_sim_netlist.vhdl" into library xil_defaultlib
INFO: [VRFC 10-307] analyzing entity d_lmb_bram_0_blk_mem_gen_prim_wrapper
INFO: [VRFC 10-307] analyzing entity \d_lmb_bram_0_blk_mem_gen_prim_wrapper__parameterized0\
INFO: [VRFC 10-307] analyzing entity \d_lmb_bram_0_blk_mem_gen_prim_wrapper__parameterized1\
INFO: [VRFC 10-307] analyzing entity \d_lmb_bram_0_blk_mem_gen_prim_wrapper__parameterized2\
INFO: [VRFC 10-307] analyzing entity \d_lmb_bram_0_blk_mem_gen_prim_wrapper__parameterized3\
INFO: [VRFC 10-307] analyzing entity \d_lmb_bram_0_blk_mem_gen_prim_wrapper__parameterized4\
INFO: [VRFC 10-307] analyzing entity \d_lmb_bram_0_blk_mem_gen_prim_wrapper__parameterized5\
INFO: [VRFC 10-307] analyzing entity \d_lmb_bram_0_blk_mem_gen_prim_wrapper__parameterized6\
INFO: [VRFC 10-307] analyzing entity d_lmb_bram_0_blk_mem_gen_prim_width
INFO: [VRFC 10-307] analyzing entity \d_lmb_bram_0_blk_mem_gen_prim_width__parameterized0\
INFO: [VRFC 10-307] analyzing entity \d_lmb_bram_0_blk_mem_gen_prim_width__parameterized1\
INFO: [VRFC 10-307] analyzing entity \d_lmb_bram_0_blk_mem_gen_prim_width__parameterized2\
INFO: [VRFC 10-307] analyzing entity \d_lmb_bram_0_blk_mem_gen_prim_width__parameterized3\
INFO: [VRFC 10-307] analyzing entity \d_lmb_bram_0_blk_mem_gen_prim_width__parameterized4\
INFO: [VRFC 10-307] analyzing entity \d_lmb_bram_0_blk_mem_gen_prim_width__parameterized5\
INFO: [VRFC 10-307] analyzing entity \d_lmb_bram_0_blk_mem_gen_prim_width__parameterized6\
INFO: [VRFC 10-307] analyzing entity d_lmb_bram_0_blk_mem_gen_generic_cstr
INFO: [VRFC 10-307] analyzing entity d_lmb_bram_0_blk_mem_gen_top
INFO: [VRFC 10-307] analyzing entity d_lmb_bram_0_blk_mem_gen_v8_3_4_synth
INFO: [VRFC 10-307] analyzing entity d_lmb_bram_0_blk_mem_gen_v8_3_4
INFO: [VRFC 10-307] analyzing entity d_lmb_bram_0
INFO: [VRFC 10-163] Analyzing VHDL file "D:/Nora/cmod_a7_projects/microblaze_new/microblaze_new.ip_user_files/bd/d/ip/d_mdm_1_0/sim/d_mdm_1_0.vhd" into library xil_defaultlib
INFO: [VRFC 10-307] analyzing entity d_mdm_1_0
INFO: [VRFC 10-163] Analyzing VHDL file "D:/Nora/cmod_a7_projects/microblaze_new/microblaze_new.ip_user_files/bd/d/ip/d_rst_clk_wiz_0_100M_0/sim/d_rst_clk_wiz_0_100M_0.vhd" into library xil_defaultlib
INFO: [VRFC 10-307] analyzing entity d_rst_clk_wiz_0_100M_0
INFO: [VRFC 10-163] Analyzing VHDL file "D:/Nora/cmod_a7_projects/microblaze_new/microblaze_new.ip_user_files/bd/d/ip/d_axi_emc_0_0/sim/d_axi_emc_0_0.vhd" into library xil_defaultlib
INFO: [VRFC 10-307] analyzing entity d_axi_emc_0_0
INFO: [VRFC 10-163] Analyzing VHDL file "D:/Nora/cmod_a7_projects/microblaze_new/microblaze_new.ip_user_files/bd/d/ip/d_axi_uartlite_0_0/sim/d_axi_uartlite_0_0.vhd" into library xil_defaultlib
INFO: [VRFC 10-307] analyzing entity d_axi_uartlite_0_0
INFO: [VRFC 10-163] Analyzing VHDL file "D:/Nora/cmod_a7_projects/microblaze_new/microblaze_new.ip_user_files/bd/d/ip/d_xbar_0/d_xbar_0_sim_netlist.vhdl" into library xil_defaultlib
INFO: [VRFC 10-307] analyzing entity d_xbar_0_axi_crossbar_v2_1_11_addr_arbiter
INFO: [VRFC 10-307] analyzing entity d_xbar_0_axi_crossbar_v2_1_11_addr_arbiter_0
INFO: [VRFC 10-307] analyzing entity d_xbar_0_axi_crossbar_v2_1_11_decerr_slave
INFO: [VRFC 10-307] analyzing entity d_xbar_0_axi_crossbar_v2_1_11_si_transactor
INFO: [VRFC 10-307] analyzing entity \d_xbar_0_axi_crossbar_v2_1_11_si_transactor__parameterized0\
INFO: [VRFC 10-307] analyzing entity \d_xbar_0_axi_crossbar_v2_1_11_si_transactor__parameterized1\
INFO: [VRFC 10-307] analyzing entity d_xbar_0_axi_crossbar_v2_1_11_splitter
INFO: [VRFC 10-307] analyzing entity d_xbar_0_axi_crossbar_v2_1_11_splitter_2
INFO: [VRFC 10-307] analyzing entity d_xbar_0_axi_data_fifo_v2_1_9_ndeep_srl
INFO: [VRFC 10-307] analyzing entity \d_xbar_0_axi_data_fifo_v2_1_9_ndeep_srl__parameterized17\
INFO: [VRFC 10-307] analyzing entity \d_xbar_0_axi_data_fifo_v2_1_9_ndeep_srl__parameterized8\
INFO: [VRFC 10-307] analyzing entity \d_xbar_0_axi_register_slice_v2_1_10_axic_register_slice__parameterized1\
INFO: [VRFC 10-307] analyzing entity \d_xbar_0_axi_register_slice_v2_1_10_axic_register_slice__parameterized1_3\
INFO: [VRFC 10-307] analyzing entity \d_xbar_0_axi_register_slice_v2_1_10_axic_register_slice__parameterized2\
INFO: [VRFC 10-307] analyzing entity \d_xbar_0_axi_register_slice_v2_1_10_axic_register_slice__parameterized2_4\
INFO: [VRFC 10-307] analyzing entity d_xbar_0_axi_data_fifo_v2_1_9_axic_reg_srl_fifo
INFO: [VRFC 10-307] analyzing entity \d_xbar_0_axi_data_fifo_v2_1_9_axic_reg_srl_fifo__parameterized0\
INFO: [VRFC 10-307] analyzing entity \d_xbar_0_axi_data_fifo_v2_1_9_axic_reg_srl_fifo__parameterized1\
INFO: [VRFC 10-307] analyzing entity d_xbar_0_axi_register_slice_v2_1_10_axi_register_slice
INFO: [VRFC 10-307] analyzing entity d_xbar_0_axi_register_slice_v2_1_10_axi_register_slice_1
INFO: [VRFC 10-307] analyzing entity d_xbar_0_axi_crossbar_v2_1_11_wdata_mux
INFO: [VRFC 10-307] analyzing entity \d_xbar_0_axi_crossbar_v2_1_11_wdata_mux__parameterized0\
INFO: [VRFC 10-307] analyzing entity d_xbar_0_axi_crossbar_v2_1_11_wdata_router
INFO: [VRFC 10-307] analyzing entity d_xbar_0_axi_crossbar_v2_1_11_crossbar
INFO: [VRFC 10-307] analyzing entity d_xbar_0_axi_crossbar_v2_1_11_axi_crossbar
INFO: [VRFC 10-307] analyzing entity d_xbar_0
INFO: [VRFC 10-163] Analyzing VHDL file "D:/Nora/cmod_a7_projects/microblaze_new/microblaze_new.ip_user_files/bd/d/hdl/d.vhd" into library xil_defaultlib
INFO: [VRFC 10-307] analyzing entity m00_couplers_imp_176BSWC
INFO: [VRFC 10-307] analyzing entity m00_couplers_imp_1G2HXWC
INFO: [VRFC 10-307] analyzing entity m01_couplers_imp_XW5ZQ4
INFO: [VRFC 10-307] analyzing entity m02_couplers_imp_1R75USD
INFO: [VRFC 10-307] analyzing entity m03_couplers_imp_9IJTGD
INFO: [VRFC 10-307] analyzing entity m04_couplers_imp_3691ZY
INFO: [VRFC 10-307] analyzing entity m05_couplers_imp_1KBO59A
INFO: [VRFC 10-307] analyzing entity microblaze_0_local_memory_imp_CZ6G37
INFO: [VRFC 10-307] analyzing entity s00_couplers_imp_1N8CZMU
INFO: [VRFC 10-307] analyzing entity s00_couplers_imp_1W231RQ
INFO: [VRFC 10-307] analyzing entity s01_couplers_imp_5TBQNA
INFO: [VRFC 10-307] analyzing entity d_axi_mem_intercon_0
INFO: [VRFC 10-307] analyzing entity d_microblaze_0_axi_periph_0
INFO: [VRFC 10-307] analyzing entity d
INFO: [VRFC 10-163] Analyzing VHDL file "D:/Nora/cmod_a7_projects/microblaze_new/microblaze_new.ip_user_files/bd/d/ip/d_axi_gpio_0_0/sim/d_axi_gpio_0_0.vhd" into library xil_defaultlib
INFO: [VRFC 10-307] analyzing entity d_axi_gpio_0_0
INFO: [VRFC 10-163] Analyzing VHDL file "D:/Nora/cmod_a7_projects/microblaze_new/microblaze_new.ip_user_files/bd/d/ip/d_xbar_1/d_xbar_1_sim_netlist.vhdl" into library xil_defaultlib
INFO: [VRFC 10-307] analyzing entity d_xbar_1_axi_crossbar_v2_1_11_addr_arbiter_sasd
INFO: [VRFC 10-307] analyzing entity d_xbar_1_axi_crossbar_v2_1_11_decerr_slave
INFO: [VRFC 10-307] analyzing entity d_xbar_1_axi_crossbar_v2_1_11_splitter
INFO: [VRFC 10-307] analyzing entity \d_xbar_1_axi_crossbar_v2_1_11_splitter__parameterized0\
INFO: [VRFC 10-307] analyzing entity d_xbar_1_axi_register_slice_v2_1_10_axic_register_slice
INFO: [VRFC 10-307] analyzing entity d_xbar_1_axi_crossbar_v2_1_11_crossbar_sasd
INFO: [VRFC 10-307] analyzing entity d_xbar_1_axi_crossbar_v2_1_11_axi_crossbar
INFO: [VRFC 10-307] analyzing entity d_xbar_1
INFO: [VRFC 10-163] Analyzing VHDL file "D:/Nora/cmod_a7_projects/microblaze_new/microblaze_new.ip_user_files/bd/d/ip/d_axi_quad_spi_0_0/d_axi_quad_spi_0_0_sim_netlist.vhdl" into library xil_defaultlib
INFO: [VRFC 10-307] analyzing entity \d_axi_quad_spi_0_0_axi_lite_ipif_v3_0_4_pselect_f__parameterized0\
INFO: [VRFC 10-307] analyzing entity \d_axi_quad_spi_0_0_axi_lite_ipif_v3_0_4_pselect_f__parameterized1\
INFO: [VRFC 10-307] analyzing entity \d_axi_quad_spi_0_0_axi_lite_ipif_v3_0_4_pselect_f__parameterized10\
INFO: [VRFC 10-307] analyzing entity \d_axi_quad_spi_0_0_axi_lite_ipif_v3_0_4_pselect_f__parameterized11\
INFO: [VRFC 10-307] analyzing entity \d_axi_quad_spi_0_0_axi_lite_ipif_v3_0_4_pselect_f__parameterized12\
INFO: [VRFC 10-307] analyzing entity \d_axi_quad_spi_0_0_axi_lite_ipif_v3_0_4_pselect_f__parameterized13\
INFO: [VRFC 10-307] analyzing entity \d_axi_quad_spi_0_0_axi_lite_ipif_v3_0_4_pselect_f__parameterized14\
INFO: [VRFC 10-307] analyzing entity \d_axi_quad_spi_0_0_axi_lite_ipif_v3_0_4_pselect_f__parameterized19\
INFO: [VRFC 10-307] analyzing entity \d_axi_quad_spi_0_0_axi_lite_ipif_v3_0_4_pselect_f__parameterized2\
INFO: [VRFC 10-307] analyzing entity \d_axi_quad_spi_0_0_axi_lite_ipif_v3_0_4_pselect_f__parameterized23\
INFO: [VRFC 10-307] analyzing entity \d_axi_quad_spi_0_0_axi_lite_ipif_v3_0_4_pselect_f__parameterized28\
INFO: [VRFC 10-307] analyzing entity \d_axi_quad_spi_0_0_axi_lite_ipif_v3_0_4_pselect_f__parameterized3\
INFO: [VRFC 10-307] analyzing entity \d_axi_quad_spi_0_0_axi_lite_ipif_v3_0_4_pselect_f__parameterized32\
INFO: [VRFC 10-307] analyzing entity \d_axi_quad_spi_0_0_axi_lite_ipif_v3_0_4_pselect_f__parameterized4\
INFO: [VRFC 10-307] analyzing entity \d_axi_quad_spi_0_0_axi_lite_ipif_v3_0_4_pselect_f__parameterized5\
INFO: [VRFC 10-307] analyzing entity \d_axi_quad_spi_0_0_axi_lite_ipif_v3_0_4_pselect_f__parameterized6\
INFO: [VRFC 10-307] analyzing entity \d_axi_quad_spi_0_0_axi_lite_ipif_v3_0_4_pselect_f__parameterized7\
INFO: [VRFC 10-307] analyzing entity \d_axi_quad_spi_0_0_axi_lite_ipif_v3_0_4_pselect_f__parameterized8\
INFO: [VRFC 10-307] analyzing entity \d_axi_quad_spi_0_0_axi_lite_ipif_v3_0_4_pselect_f__parameterized9\
INFO: [VRFC 10-307] analyzing entity d_axi_quad_spi_0_0_cdc_sync
INFO: [VRFC 10-307] analyzing entity d_axi_quad_spi_0_0_cdc_sync_0
INFO: [VRFC 10-307] analyzing entity d_axi_quad_spi_0_0_counter_f
INFO: [VRFC 10-307] analyzing entity d_axi_quad_spi_0_0_counter_f_1
INFO: [VRFC 10-307] analyzing entity d_axi_quad_spi_0_0_cross_clk_sync_fifo_1
INFO: [VRFC 10-307] analyzing entity d_axi_quad_spi_0_0_interrupt_control
INFO: [VRFC 10-307] analyzing entity d_axi_quad_spi_0_0_qspi_cntrl_reg
INFO: [VRFC 10-307] analyzing entity d_axi_quad_spi_0_0_qspi_fifo_ifmodule
INFO: [VRFC 10-307] analyzing entity d_axi_quad_spi_0_0_qspi_mode_0_module
INFO: [VRFC 10-307] analyzing entity d_axi_quad_spi_0_0_qspi_status_slave_sel_reg
INFO: [VRFC 10-307] analyzing entity d_axi_quad_spi_0_0_reset_sync_module
INFO: [VRFC 10-307] analyzing entity d_axi_quad_spi_0_0_soft_reset
INFO: [VRFC 10-307] analyzing entity d_axi_quad_spi_0_0_dmem
INFO: [VRFC 10-307] analyzing entity d_axi_quad_spi_0_0_dmem_19
INFO: [VRFC 10-307] analyzing entity d_axi_quad_spi_0_0_rd_bin_cntr
INFO: [VRFC 10-307] analyzing entity d_axi_quad_spi_0_0_rd_bin_cntr_24
INFO: [VRFC 10-307] analyzing entity d_axi_quad_spi_0_0_rd_fwft
INFO: [VRFC 10-307] analyzing entity d_axi_quad_spi_0_0_rd_fwft_22
INFO: [VRFC 10-307] analyzing entity d_axi_quad_spi_0_0_rd_status_flags_as
INFO: [VRFC 10-307] analyzing entity d_axi_quad_spi_0_0_rd_status_flags_as_23
INFO: [VRFC 10-307] analyzing entity d_axi_quad_spi_0_0_synchronizer_ff
INFO: [VRFC 10-307] analyzing entity d_axi_quad_spi_0_0_synchronizer_ff_15
INFO: [VRFC 10-307] analyzing entity d_axi_quad_spi_0_0_synchronizer_ff_16
INFO: [VRFC 10-307] analyzing entity d_axi_quad_spi_0_0_synchronizer_ff_17
INFO: [VRFC 10-307] analyzing entity d_axi_quad_spi_0_0_synchronizer_ff_18
INFO: [VRFC 10-307] analyzing entity d_axi_quad_spi_0_0_synchronizer_ff_3
INFO: [VRFC 10-307] analyzing entity d_axi_quad_spi_0_0_synchronizer_ff_4
INFO: [VRFC 10-307] analyzing entity d_axi_quad_spi_0_0_synchronizer_ff_5
INFO: [VRFC 10-307] analyzing entity \d_axi_quad_spi_0_0_synchronizer_ff__parameterized0\
INFO: [VRFC 10-307] analyzing entity \d_axi_quad_spi_0_0_synchronizer_ff__parameterized0_25\
INFO: [VRFC 10-307] analyzing entity \d_axi_quad_spi_0_0_synchronizer_ff__parameterized1\
INFO: [VRFC 10-307] analyzing entity \d_axi_quad_spi_0_0_synchronizer_ff__parameterized1_26\
INFO: [VRFC 10-307] analyzing entity \d_axi_quad_spi_0_0_synchronizer_ff__parameterized2\
INFO: [VRFC 10-307] analyzing entity \d_axi_quad_spi_0_0_synchronizer_ff__parameterized2_27\
INFO: [VRFC 10-307] analyzing entity \d_axi_quad_spi_0_0_synchronizer_ff__parameterized3\
INFO: [VRFC 10-307] analyzing entity \d_axi_quad_spi_0_0_synchronizer_ff__parameterized3_28\
INFO: [VRFC 10-307] analyzing entity d_axi_quad_spi_0_0_wr_bin_cntr
INFO: [VRFC 10-307] analyzing entity d_axi_quad_spi_0_0_wr_bin_cntr_21
INFO: [VRFC 10-307] analyzing entity d_axi_quad_spi_0_0_wr_status_flags_as
INFO: [VRFC 10-307] analyzing entity d_axi_quad_spi_0_0_wr_status_flags_as_20
INFO: [VRFC 10-307] analyzing entity d_axi_quad_spi_0_0_address_decoder
INFO: [VRFC 10-307] analyzing entity d_axi_quad_spi_0_0_clk_x_pntrs
INFO: [VRFC 10-307] analyzing entity d_axi_quad_spi_0_0_clk_x_pntrs_10
INFO: [VRFC 10-307] analyzing entity d_axi_quad_spi_0_0_memory
INFO: [VRFC 10-307] analyzing entity d_axi_quad_spi_0_0_memory_13
INFO: [VRFC 10-307] analyzing entity d_axi_quad_spi_0_0_rd_logic
INFO: [VRFC 10-307] analyzing entity d_axi_quad_spi_0_0_rd_logic_11
INFO: [VRFC 10-307] analyzing entity d_axi_quad_spi_0_0_reset_blk_ramfifo
INFO: [VRFC 10-307] analyzing entity d_axi_quad_spi_0_0_reset_blk_ramfifo_14
INFO: [VRFC 10-307] analyzing entity d_axi_quad_spi_0_0_wr_logic
INFO: [VRFC 10-307] analyzing entity d_axi_quad_spi_0_0_wr_logic_12
INFO: [VRFC 10-307] analyzing entity d_axi_quad_spi_0_0_slave_attachment
INFO: [VRFC 10-307] analyzing entity d_axi_quad_spi_0_0_fifo_generator_ramfifo
INFO: [VRFC 10-307] analyzing entity d_axi_quad_spi_0_0_fifo_generator_ramfifo_9
INFO: [VRFC 10-307] analyzing entity d_axi_quad_spi_0_0_axi_lite_ipif
INFO: [VRFC 10-307] analyzing entity d_axi_quad_spi_0_0_fifo_generator_top
INFO: [VRFC 10-307] analyzing entity d_axi_quad_spi_0_0_fifo_generator_top_8
INFO: [VRFC 10-307] analyzing entity d_axi_quad_spi_0_0_fifo_generator_v13_1_2_synth
INFO: [VRFC 10-307] analyzing entity d_axi_quad_spi_0_0_fifo_generator_v13_1_2_synth_7
INFO: [VRFC 10-307] analyzing entity d_axi_quad_spi_0_0_fifo_generator_v13_1_2
INFO: [VRFC 10-307] analyzing entity d_axi_quad_spi_0_0_fifo_generator_v13_1_2_6
INFO: [VRFC 10-307] analyzing entity d_axi_quad_spi_0_0_async_fifo_fg
INFO: [VRFC 10-307] analyzing entity d_axi_quad_spi_0_0_async_fifo_fg_2
INFO: [VRFC 10-307] analyzing entity d_axi_quad_spi_0_0_qspi_core_interface
INFO: [VRFC 10-307] analyzing entity d_axi_quad_spi_0_0_axi_quad_spi_top
INFO: [VRFC 10-307] analyzing entity d_axi_quad_spi_0_0_axi_quad_spi
INFO: [VRFC 10-307] analyzing entity d_axi_quad_spi_0_0
INFO: [VRFC 10-163] Analyzing VHDL file "D:/Nora/cmod_a7_projects/microblaze_new/microblaze_new.ip_user_files/bd/d/ip/d_axi_quad_spi_1_0/d_axi_quad_spi_1_0_sim_netlist.vhdl" into library xil_defaultlib
INFO: [VRFC 10-307] analyzing entity \d_axi_quad_spi_1_0_axi_lite_ipif_v3_0_4_pselect_f__parameterized0\
INFO: [VRFC 10-307] analyzing entity \d_axi_quad_spi_1_0_axi_lite_ipif_v3_0_4_pselect_f__parameterized1\
INFO: [VRFC 10-307] analyzing entity \d_axi_quad_spi_1_0_axi_lite_ipif_v3_0_4_pselect_f__parameterized10\
INFO: [VRFC 10-307] analyzing entity \d_axi_quad_spi_1_0_axi_lite_ipif_v3_0_4_pselect_f__parameterized11\
INFO: [VRFC 10-307] analyzing entity \d_axi_quad_spi_1_0_axi_lite_ipif_v3_0_4_pselect_f__parameterized12\
INFO: [VRFC 10-307] analyzing entity \d_axi_quad_spi_1_0_axi_lite_ipif_v3_0_4_pselect_f__parameterized13\
INFO: [VRFC 10-307] analyzing entity \d_axi_quad_spi_1_0_axi_lite_ipif_v3_0_4_pselect_f__parameterized14\
INFO: [VRFC 10-307] analyzing entity \d_axi_quad_spi_1_0_axi_lite_ipif_v3_0_4_pselect_f__parameterized19\
INFO: [VRFC 10-307] analyzing entity \d_axi_quad_spi_1_0_axi_lite_ipif_v3_0_4_pselect_f__parameterized2\
INFO: [VRFC 10-307] analyzing entity \d_axi_quad_spi_1_0_axi_lite_ipif_v3_0_4_pselect_f__parameterized23\
INFO: [VRFC 10-307] analyzing entity \d_axi_quad_spi_1_0_axi_lite_ipif_v3_0_4_pselect_f__parameterized28\
INFO: [VRFC 10-307] analyzing entity \d_axi_quad_spi_1_0_axi_lite_ipif_v3_0_4_pselect_f__parameterized3\
INFO: [VRFC 10-307] analyzing entity \d_axi_quad_spi_1_0_axi_lite_ipif_v3_0_4_pselect_f__parameterized32\
INFO: [VRFC 10-307] analyzing entity \d_axi_quad_spi_1_0_axi_lite_ipif_v3_0_4_pselect_f__parameterized4\
INFO: [VRFC 10-307] analyzing entity \d_axi_quad_spi_1_0_axi_lite_ipif_v3_0_4_pselect_f__parameterized5\
INFO: [VRFC 10-307] analyzing entity \d_axi_quad_spi_1_0_axi_lite_ipif_v3_0_4_pselect_f__parameterized6\
INFO: [VRFC 10-307] analyzing entity \d_axi_quad_spi_1_0_axi_lite_ipif_v3_0_4_pselect_f__parameterized7\
INFO: [VRFC 10-307] analyzing entity \d_axi_quad_spi_1_0_axi_lite_ipif_v3_0_4_pselect_f__parameterized8\
INFO: [VRFC 10-307] analyzing entity \d_axi_quad_spi_1_0_axi_lite_ipif_v3_0_4_pselect_f__parameterized9\
INFO: [VRFC 10-307] analyzing entity d_axi_quad_spi_1_0_cdc_sync
INFO: [VRFC 10-307] analyzing entity d_axi_quad_spi_1_0_cdc_sync_0
INFO: [VRFC 10-307] analyzing entity d_axi_quad_spi_1_0_counter_f
INFO: [VRFC 10-307] analyzing entity d_axi_quad_spi_1_0_counter_f_1
INFO: [VRFC 10-307] analyzing entity d_axi_quad_spi_1_0_cross_clk_sync_fifo_1
INFO: [VRFC 10-307] analyzing entity d_axi_quad_spi_1_0_interrupt_control
INFO: [VRFC 10-307] analyzing entity d_axi_quad_spi_1_0_qspi_cntrl_reg
INFO: [VRFC 10-307] analyzing entity d_axi_quad_spi_1_0_qspi_fifo_ifmodule
INFO: [VRFC 10-307] analyzing entity d_axi_quad_spi_1_0_qspi_mode_0_module
INFO: [VRFC 10-307] analyzing entity d_axi_quad_spi_1_0_qspi_status_slave_sel_reg
INFO: [VRFC 10-307] analyzing entity d_axi_quad_spi_1_0_reset_sync_module
INFO: [VRFC 10-307] analyzing entity d_axi_quad_spi_1_0_soft_reset
INFO: [VRFC 10-307] analyzing entity d_axi_quad_spi_1_0_dmem
INFO: [VRFC 10-307] analyzing entity d_axi_quad_spi_1_0_dmem_19
INFO: [VRFC 10-307] analyzing entity d_axi_quad_spi_1_0_rd_bin_cntr
INFO: [VRFC 10-307] analyzing entity d_axi_quad_spi_1_0_rd_bin_cntr_24
INFO: [VRFC 10-307] analyzing entity d_axi_quad_spi_1_0_rd_fwft
INFO: [VRFC 10-307] analyzing entity d_axi_quad_spi_1_0_rd_fwft_22
INFO: [VRFC 10-307] analyzing entity d_axi_quad_spi_1_0_rd_status_flags_as
INFO: [VRFC 10-307] analyzing entity d_axi_quad_spi_1_0_rd_status_flags_as_23
INFO: [VRFC 10-307] analyzing entity d_axi_quad_spi_1_0_synchronizer_ff
INFO: [VRFC 10-307] analyzing entity d_axi_quad_spi_1_0_synchronizer_ff_15
INFO: [VRFC 10-307] analyzing entity d_axi_quad_spi_1_0_synchronizer_ff_16
INFO: [VRFC 10-307] analyzing entity d_axi_quad_spi_1_0_synchronizer_ff_17
INFO: [VRFC 10-307] analyzing entity d_axi_quad_spi_1_0_synchronizer_ff_18
INFO: [VRFC 10-307] analyzing entity d_axi_quad_spi_1_0_synchronizer_ff_3
INFO: [VRFC 10-307] analyzing entity d_axi_quad_spi_1_0_synchronizer_ff_4
INFO: [VRFC 10-307] analyzing entity d_axi_quad_spi_1_0_synchronizer_ff_5
INFO: [VRFC 10-307] analyzing entity \d_axi_quad_spi_1_0_synchronizer_ff__parameterized0\
INFO: [VRFC 10-307] analyzing entity \d_axi_quad_spi_1_0_synchronizer_ff__parameterized0_25\
INFO: [VRFC 10-307] analyzing entity \d_axi_quad_spi_1_0_synchronizer_ff__parameterized1\
INFO: [VRFC 10-307] analyzing entity \d_axi_quad_spi_1_0_synchronizer_ff__parameterized1_26\
INFO: [VRFC 10-307] analyzing entity \d_axi_quad_spi_1_0_synchronizer_ff__parameterized2\
INFO: [VRFC 10-307] analyzing entity \d_axi_quad_spi_1_0_synchronizer_ff__parameterized2_27\
INFO: [VRFC 10-307] analyzing entity \d_axi_quad_spi_1_0_synchronizer_ff__parameterized3\
INFO: [VRFC 10-307] analyzing entity \d_axi_quad_spi_1_0_synchronizer_ff__parameterized3_28\
INFO: [VRFC 10-307] analyzing entity d_axi_quad_spi_1_0_wr_bin_cntr
INFO: [VRFC 10-307] analyzing entity d_axi_quad_spi_1_0_wr_bin_cntr_21
INFO: [VRFC 10-307] analyzing entity d_axi_quad_spi_1_0_wr_status_flags_as
INFO: [VRFC 10-307] analyzing entity d_axi_quad_spi_1_0_wr_status_flags_as_20
INFO: [VRFC 10-307] analyzing entity d_axi_quad_spi_1_0_address_decoder
INFO: [VRFC 10-307] analyzing entity d_axi_quad_spi_1_0_clk_x_pntrs
INFO: [VRFC 10-307] analyzing entity d_axi_quad_spi_1_0_clk_x_pntrs_10
INFO: [VRFC 10-307] analyzing entity d_axi_quad_spi_1_0_memory
INFO: [VRFC 10-307] analyzing entity d_axi_quad_spi_1_0_memory_13
INFO: [VRFC 10-307] analyzing entity d_axi_quad_spi_1_0_rd_logic
INFO: [VRFC 10-307] analyzing entity d_axi_quad_spi_1_0_rd_logic_11
INFO: [VRFC 10-307] analyzing entity d_axi_quad_spi_1_0_reset_blk_ramfifo
INFO: [VRFC 10-307] analyzing entity d_axi_quad_spi_1_0_reset_blk_ramfifo_14
INFO: [VRFC 10-307] analyzing entity d_axi_quad_spi_1_0_wr_logic
INFO: [VRFC 10-307] analyzing entity d_axi_quad_spi_1_0_wr_logic_12
INFO: [VRFC 10-307] analyzing entity d_axi_quad_spi_1_0_slave_attachment
INFO: [VRFC 10-307] analyzing entity d_axi_quad_spi_1_0_fifo_generator_ramfifo
INFO: [VRFC 10-307] analyzing entity d_axi_quad_spi_1_0_fifo_generator_ramfifo_9
INFO: [VRFC 10-307] analyzing entity d_axi_quad_spi_1_0_axi_lite_ipif
INFO: [VRFC 10-307] analyzing entity d_axi_quad_spi_1_0_fifo_generator_top
INFO: [VRFC 10-307] analyzing entity d_axi_quad_spi_1_0_fifo_generator_top_8
INFO: [VRFC 10-307] analyzing entity d_axi_quad_spi_1_0_fifo_generator_v13_1_2_synth
INFO: [VRFC 10-307] analyzing entity d_axi_quad_spi_1_0_fifo_generator_v13_1_2_synth_7
INFO: [VRFC 10-307] analyzing entity d_axi_quad_spi_1_0_fifo_generator_v13_1_2
INFO: [VRFC 10-307] analyzing entity d_axi_quad_spi_1_0_fifo_generator_v13_1_2_6
INFO: [VRFC 10-307] analyzing entity d_axi_quad_spi_1_0_async_fifo_fg
INFO: [VRFC 10-307] analyzing entity d_axi_quad_spi_1_0_async_fifo_fg_2
INFO: [VRFC 10-307] analyzing entity d_axi_quad_spi_1_0_qspi_core_interface
INFO: [VRFC 10-307] analyzing entity d_axi_quad_spi_1_0_axi_quad_spi_top
INFO: [VRFC 10-307] analyzing entity d_axi_quad_spi_1_0_axi_quad_spi
INFO: [VRFC 10-307] analyzing entity d_axi_quad_spi_1_0
INFO: [VRFC 10-163] Analyzing VHDL file "D:/Nora/cmod_a7_projects/microblaze_new/microblaze_new.ip_user_files/bd/d/ip/d_axi_gpio_1_0/sim/d_axi_gpio_1_0.vhd" into library xil_defaultlib
INFO: [VRFC 10-307] analyzing entity d_axi_gpio_1_0
INFO: [VRFC 10-163] Analyzing VHDL file "D:/Nora/cmod_a7_projects/microblaze_new/microblaze_new.ip_user_files/bd/d/ip/d_adc_io_0_0/d_adc_io_0_0_sim_netlist.vhdl" into library xil_defaultlib
INFO: [VRFC 10-307] analyzing entity d_adc_io_0_0
INFO: [VRFC 10-163] Analyzing VHDL file "D:/Nora/cmod_a7_projects/microblaze_new/microblaze_new.ip_user_files/bd/d/ip/d_axi_quad_spi_0_3/d_axi_quad_spi_0_3_sim_netlist.vhdl" into library xil_defaultlib
INFO: [VRFC 10-307] analyzing entity \d_axi_quad_spi_0_3_axi_lite_ipif_v3_0_4_pselect_f__parameterized0\
INFO: [VRFC 10-307] analyzing entity \d_axi_quad_spi_0_3_axi_lite_ipif_v3_0_4_pselect_f__parameterized1\
INFO: [VRFC 10-307] analyzing entity \d_axi_quad_spi_0_3_axi_lite_ipif_v3_0_4_pselect_f__parameterized10\
INFO: [VRFC 10-307] analyzing entity \d_axi_quad_spi_0_3_axi_lite_ipif_v3_0_4_pselect_f__parameterized11\
INFO: [VRFC 10-307] analyzing entity \d_axi_quad_spi_0_3_axi_lite_ipif_v3_0_4_pselect_f__parameterized12\
INFO: [VRFC 10-307] analyzing entity \d_axi_quad_spi_0_3_axi_lite_ipif_v3_0_4_pselect_f__parameterized13\
INFO: [VRFC 10-307] analyzing entity \d_axi_quad_spi_0_3_axi_lite_ipif_v3_0_4_pselect_f__parameterized14\
INFO: [VRFC 10-307] analyzing entity \d_axi_quad_spi_0_3_axi_lite_ipif_v3_0_4_pselect_f__parameterized19\
INFO: [VRFC 10-307] analyzing entity \d_axi_quad_spi_0_3_axi_lite_ipif_v3_0_4_pselect_f__parameterized2\
INFO: [VRFC 10-307] analyzing entity \d_axi_quad_spi_0_3_axi_lite_ipif_v3_0_4_pselect_f__parameterized23\
INFO: [VRFC 10-307] analyzing entity \d_axi_quad_spi_0_3_axi_lite_ipif_v3_0_4_pselect_f__parameterized28\
INFO: [VRFC 10-307] analyzing entity \d_axi_quad_spi_0_3_axi_lite_ipif_v3_0_4_pselect_f__parameterized3\
INFO: [VRFC 10-307] analyzing entity \d_axi_quad_spi_0_3_axi_lite_ipif_v3_0_4_pselect_f__parameterized32\
INFO: [VRFC 10-307] analyzing entity \d_axi_quad_spi_0_3_axi_lite_ipif_v3_0_4_pselect_f__parameterized4\
INFO: [VRFC 10-307] analyzing entity \d_axi_quad_spi_0_3_axi_lite_ipif_v3_0_4_pselect_f__parameterized5\
INFO: [VRFC 10-307] analyzing entity \d_axi_quad_spi_0_3_axi_lite_ipif_v3_0_4_pselect_f__parameterized6\
INFO: [VRFC 10-307] analyzing entity \d_axi_quad_spi_0_3_axi_lite_ipif_v3_0_4_pselect_f__parameterized7\
INFO: [VRFC 10-307] analyzing entity \d_axi_quad_spi_0_3_axi_lite_ipif_v3_0_4_pselect_f__parameterized8\
INFO: [VRFC 10-307] analyzing entity \d_axi_quad_spi_0_3_axi_lite_ipif_v3_0_4_pselect_f__parameterized9\
INFO: [VRFC 10-307] analyzing entity d_axi_quad_spi_0_3_cdc_sync
INFO: [VRFC 10-307] analyzing entity d_axi_quad_spi_0_3_cdc_sync_0
INFO: [VRFC 10-307] analyzing entity d_axi_quad_spi_0_3_counter_f
INFO: [VRFC 10-307] analyzing entity d_axi_quad_spi_0_3_counter_f_1
INFO: [VRFC 10-307] analyzing entity d_axi_quad_spi_0_3_cross_clk_sync_fifo_1
INFO: [VRFC 10-307] analyzing entity d_axi_quad_spi_0_3_interrupt_control
INFO: [VRFC 10-307] analyzing entity d_axi_quad_spi_0_3_qspi_cntrl_reg
INFO: [VRFC 10-307] analyzing entity d_axi_quad_spi_0_3_qspi_fifo_ifmodule
INFO: [VRFC 10-307] analyzing entity d_axi_quad_spi_0_3_qspi_mode_control_logic
INFO: [VRFC 10-307] analyzing entity d_axi_quad_spi_0_3_qspi_startup_block
INFO: [VRFC 10-307] analyzing entity d_axi_quad_spi_0_3_qspi_status_slave_sel_reg
INFO: [VRFC 10-307] analyzing entity d_axi_quad_spi_0_3_reset_sync_module
INFO: [VRFC 10-307] analyzing entity d_axi_quad_spi_0_3_soft_reset
INFO: [VRFC 10-307] analyzing entity d_axi_quad_spi_0_3_dmem
INFO: [VRFC 10-307] analyzing entity d_axi_quad_spi_0_3_dmem_19
INFO: [VRFC 10-307] analyzing entity d_axi_quad_spi_0_3_rd_bin_cntr
INFO: [VRFC 10-307] analyzing entity d_axi_quad_spi_0_3_rd_bin_cntr_24
INFO: [VRFC 10-307] analyzing entity d_axi_quad_spi_0_3_rd_fwft
INFO: [VRFC 10-307] analyzing entity d_axi_quad_spi_0_3_rd_fwft_22
INFO: [VRFC 10-307] analyzing entity d_axi_quad_spi_0_3_rd_status_flags_as
INFO: [VRFC 10-307] analyzing entity d_axi_quad_spi_0_3_rd_status_flags_as_23
INFO: [VRFC 10-307] analyzing entity d_axi_quad_spi_0_3_rom
INFO: [VRFC 10-307] analyzing entity d_axi_quad_spi_0_3_synchronizer_ff
INFO: [VRFC 10-307] analyzing entity d_axi_quad_spi_0_3_synchronizer_ff_15
INFO: [VRFC 10-307] analyzing entity d_axi_quad_spi_0_3_synchronizer_ff_16
INFO: [VRFC 10-307] analyzing entity d_axi_quad_spi_0_3_synchronizer_ff_17
INFO: [VRFC 10-307] analyzing entity d_axi_quad_spi_0_3_synchronizer_ff_18
INFO: [VRFC 10-307] analyzing entity d_axi_quad_spi_0_3_synchronizer_ff_3
INFO: [VRFC 10-307] analyzing entity d_axi_quad_spi_0_3_synchronizer_ff_4
INFO: [VRFC 10-307] analyzing entity d_axi_quad_spi_0_3_synchronizer_ff_5
INFO: [VRFC 10-307] analyzing entity \d_axi_quad_spi_0_3_synchronizer_ff__parameterized0\
INFO: [VRFC 10-307] analyzing entity \d_axi_quad_spi_0_3_synchronizer_ff__parameterized0_25\
INFO: [VRFC 10-307] analyzing entity \d_axi_quad_spi_0_3_synchronizer_ff__parameterized1\
INFO: [VRFC 10-307] analyzing entity \d_axi_quad_spi_0_3_synchronizer_ff__parameterized1_26\
INFO: [VRFC 10-307] analyzing entity \d_axi_quad_spi_0_3_synchronizer_ff__parameterized2\
INFO: [VRFC 10-307] analyzing entity \d_axi_quad_spi_0_3_synchronizer_ff__parameterized2_27\
INFO: [VRFC 10-307] analyzing entity \d_axi_quad_spi_0_3_synchronizer_ff__parameterized3\
INFO: [VRFC 10-307] analyzing entity \d_axi_quad_spi_0_3_synchronizer_ff__parameterized3_28\
INFO: [VRFC 10-307] analyzing entity d_axi_quad_spi_0_3_wr_bin_cntr
INFO: [VRFC 10-307] analyzing entity d_axi_quad_spi_0_3_wr_bin_cntr_21
INFO: [VRFC 10-307] analyzing entity d_axi_quad_spi_0_3_wr_status_flags_as
INFO: [VRFC 10-307] analyzing entity d_axi_quad_spi_0_3_wr_status_flags_as_20
INFO: [VRFC 10-307] analyzing entity d_axi_quad_spi_0_3_address_decoder
INFO: [VRFC 10-307] analyzing entity d_axi_quad_spi_0_3_clk_x_pntrs
INFO: [VRFC 10-307] analyzing entity d_axi_quad_spi_0_3_clk_x_pntrs_10
INFO: [VRFC 10-307] analyzing entity d_axi_quad_spi_0_3_dist_mem_gen_v8_0_11_synth
INFO: [VRFC 10-307] analyzing entity d_axi_quad_spi_0_3_memory
INFO: [VRFC 10-307] analyzing entity d_axi_quad_spi_0_3_memory_13
INFO: [VRFC 10-307] analyzing entity d_axi_quad_spi_0_3_rd_logic
INFO: [VRFC 10-307] analyzing entity d_axi_quad_spi_0_3_rd_logic_11
INFO: [VRFC 10-307] analyzing entity d_axi_quad_spi_0_3_reset_blk_ramfifo
INFO: [VRFC 10-307] analyzing entity d_axi_quad_spi_0_3_reset_blk_ramfifo_14
INFO: [VRFC 10-307] analyzing entity d_axi_quad_spi_0_3_wr_logic
INFO: [VRFC 10-307] analyzing entity d_axi_quad_spi_0_3_wr_logic_12
INFO: [VRFC 10-307] analyzing entity d_axi_quad_spi_0_3_slave_attachment
INFO: [VRFC 10-307] analyzing entity d_axi_quad_spi_0_3_dist_mem_gen_v8_0_11
INFO: [VRFC 10-307] analyzing entity d_axi_quad_spi_0_3_fifo_generator_ramfifo
INFO: [VRFC 10-307] analyzing entity d_axi_quad_spi_0_3_fifo_generator_ramfifo_9
INFO: [VRFC 10-307] analyzing entity d_axi_quad_spi_0_3_axi_lite_ipif
INFO: [VRFC 10-307] analyzing entity d_axi_quad_spi_0_3_qspi_look_up_logic
INFO: [VRFC 10-307] analyzing entity d_axi_quad_spi_0_3_fifo_generator_top
INFO: [VRFC 10-307] analyzing entity d_axi_quad_spi_0_3_fifo_generator_top_8
INFO: [VRFC 10-307] analyzing entity d_axi_quad_spi_0_3_fifo_generator_v13_1_2_synth
INFO: [VRFC 10-307] analyzing entity d_axi_quad_spi_0_3_fifo_generator_v13_1_2_synth_7
INFO: [VRFC 10-307] analyzing entity d_axi_quad_spi_0_3_fifo_generator_v13_1_2
INFO: [VRFC 10-307] analyzing entity d_axi_quad_spi_0_3_fifo_generator_v13_1_2_6
INFO: [VRFC 10-307] analyzing entity d_axi_quad_spi_0_3_async_fifo_fg
INFO: [VRFC 10-307] analyzing entity d_axi_quad_spi_0_3_async_fifo_fg_2
INFO: [VRFC 10-307] analyzing entity d_axi_quad_spi_0_3_qspi_core_interface
INFO: [VRFC 10-307] analyzing entity d_axi_quad_spi_0_3_axi_quad_spi_top
INFO: [VRFC 10-307] analyzing entity d_axi_quad_spi_0_3_axi_quad_spi
INFO: [VRFC 10-307] analyzing entity d_axi_quad_spi_0_3
INFO: [VRFC 10-163] Analyzing VHDL file "D:/Nora/cmod_a7_projects/microblaze_new/microblaze_new.srcs/sources_1/bd/d/hdl/d_wrapper.vhd" into library xil_defaultlib
INFO: [VRFC 10-307] analyzing entity d_wrapper
