
*** Running vivado
    with args -log d_clk_wiz_0_0.vds -m64 -product Vivado -mode batch -messageDb vivado.pb -notrace -source d_clk_wiz_0_0.tcl


****** Vivado v2016.3 (64-bit)
  **** SW Build 1682563 on Mon Oct 10 19:07:27 MDT 2016
  **** IP Build 1681267 on Mon Oct 10 21:28:31 MDT 2016
    ** Copyright 1986-2016 Xilinx, Inc. All Rights Reserved.

source d_clk_wiz_0_0.tcl -notrace
Starting RTL Elaboration : Time (s): cpu = 00:00:05 ; elapsed = 00:00:06 . Memory (MB): peak = 351.340 ; gain = 140.906
INFO: [Synth 8-638] synthesizing module 'd_clk_wiz_0_0' [d:/Nora/tutorial/microblaze/microblaze_tutorial.srcs/sources_1/bd/d/ip/d_clk_wiz_0_0/d_clk_wiz_0_0.v:71]
INFO: [Synth 8-638] synthesizing module 'd_clk_wiz_0_0_clk_wiz' [d:/Nora/tutorial/microblaze/microblaze_tutorial.srcs/sources_1/bd/d/ip/d_clk_wiz_0_0/d_clk_wiz_0_0_clk_wiz.v:69]
INFO: [Synth 8-638] synthesizing module 'IBUF' [D:/Vivado/2016.3/scripts/rt/data/unisim_comp.v:14146]
INFO: [Synth 8-256] done synthesizing module 'IBUF' (1#1) [D:/Vivado/2016.3/scripts/rt/data/unisim_comp.v:14146]
INFO: [Synth 8-638] synthesizing module 'MMCME2_ADV' [D:/Vivado/2016.3/scripts/rt/data/unisim_comp.v:20414]
INFO: [Synth 8-256] done synthesizing module 'MMCME2_ADV' (2#1) [D:/Vivado/2016.3/scripts/rt/data/unisim_comp.v:20414]
INFO: [Synth 8-638] synthesizing module 'BUFG' [D:/Vivado/2016.3/scripts/rt/data/unisim_comp.v:607]
INFO: [Synth 8-256] done synthesizing module 'BUFG' (3#1) [D:/Vivado/2016.3/scripts/rt/data/unisim_comp.v:607]
INFO: [Synth 8-256] done synthesizing module 'd_clk_wiz_0_0_clk_wiz' (4#1) [d:/Nora/tutorial/microblaze/microblaze_tutorial.srcs/sources_1/bd/d/ip/d_clk_wiz_0_0/d_clk_wiz_0_0_clk_wiz.v:69]
INFO: [Synth 8-256] done synthesizing module 'd_clk_wiz_0_0' (5#1) [d:/Nora/tutorial/microblaze/microblaze_tutorial.srcs/sources_1/bd/d/ip/d_clk_wiz_0_0/d_clk_wiz_0_0.v:71]
Finished RTL Elaboration : Time (s): cpu = 00:00:05 ; elapsed = 00:00:06 . Memory (MB): peak = 388.301 ; gain = 177.867
Finished RTL Optimization Phase 1 : Time (s): cpu = 00:00:05 ; elapsed = 00:00:06 . Memory (MB): peak = 388.301 ; gain = 177.867
INFO: [Device 21-403] Loading part xc7a15tcpg236-1
Constraint Validation Runtime : Time (s): cpu = 00:00:00 ; elapsed = 00:00:00.019 . Memory (MB): peak = 596.336 ; gain = 0.000
Finished Constraint Validation : Time (s): cpu = 00:00:11 ; elapsed = 00:00:12 . Memory (MB): peak = 596.336 ; gain = 385.902
Finished Loading Part and Timing Information : Time (s): cpu = 00:00:11 ; elapsed = 00:00:12 . Memory (MB): peak = 596.336 ; gain = 385.902
Finished applying 'set_property' XDC Constraints : Time (s): cpu = 00:00:11 ; elapsed = 00:00:12 . Memory (MB): peak = 596.336 ; gain = 385.902
Finished RTL Optimization Phase 2 : Time (s): cpu = 00:00:11 ; elapsed = 00:00:13 . Memory (MB): peak = 596.336 ; gain = 385.902
Finished Cross Boundary and Area Optimization : Time (s): cpu = 00:00:11 ; elapsed = 00:00:13 . Memory (MB): peak = 596.336 ; gain = 385.902
Finished Applying XDC Timing Constraints : Time (s): cpu = 00:00:18 ; elapsed = 00:00:20 . Memory (MB): peak = 614.277 ; gain = 403.844
Finished Timing Optimization : Time (s): cpu = 00:00:18 ; elapsed = 00:00:20 . Memory (MB): peak = 614.277 ; gain = 403.844
Finished Technology Mapping : Time (s): cpu = 00:00:18 ; elapsed = 00:00:20 . Memory (MB): peak = 623.914 ; gain = 413.480
Finished IO Insertion : Time (s): cpu = 00:00:19 ; elapsed = 00:00:20 . Memory (MB): peak = 623.914 ; gain = 413.480
Finished Renaming Generated Instances : Time (s): cpu = 00:00:19 ; elapsed = 00:00:20 . Memory (MB): peak = 623.914 ; gain = 413.480
Finished Rebuilding User Hierarchy : Time (s): cpu = 00:00:19 ; elapsed = 00:00:20 . Memory (MB): peak = 623.914 ; gain = 413.480
Finished Renaming Generated Ports : Time (s): cpu = 00:00:19 ; elapsed = 00:00:20 . Memory (MB): peak = 623.914 ; gain = 413.480
Finished Handling Custom Attributes : Time (s): cpu = 00:00:19 ; elapsed = 00:00:20 . Memory (MB): peak = 623.914 ; gain = 413.480
Finished Renaming Generated Nets : Time (s): cpu = 00:00:19 ; elapsed = 00:00:20 . Memory (MB): peak = 623.914 ; gain = 413.480

Report Cell Usage: 
+------+-----------+------+
|      |Cell       |Count |
+------+-----------+------+
|1     |BUFG       |     3|
|2     |MMCME2_ADV |     1|
|3     |IBUF       |     1|
+------+-----------+------+
Finished Writing Synthesis Report : Time (s): cpu = 00:00:19 ; elapsed = 00:00:20 . Memory (MB): peak = 623.914 ; gain = 413.480
synth_design: Time (s): cpu = 00:00:19 ; elapsed = 00:00:20 . Memory (MB): peak = 1003.590 ; gain = 732.980
