#-----------------------------------------------------------
# Webtalk v2016.3 (64-bit)
# SW Build 1682563 on Mon Oct 10 19:07:27 MDT 2016
# 
# Start of session at: Tue Nov 29 20:36:31 2016
# Process ID: 6792
# Current directory: D:/Nora/cmod_a7_projects/microblaze_new/microblaze_new.sdk/webtalk
# Command line: wbtcv.exe -mode batch -source sdk_webtalk.tcl
# Log file: D:/Nora/cmod_a7_projects/microblaze_new/microblaze_new.sdk/webtalk/webtalk.log
# Journal file: D:/Nora/cmod_a7_projects/microblaze_new/microblaze_new.sdk/webtalk\webtalk.jou
#-----------------------------------------------------------
source sdk_webtalk.tcl
# webtalk_init -webtalk_dir D:\\Nora\\cmod_a7_projects\\microblaze_new\\microblaze_new.sdk\\webtalk
# webtalk_register_client -client project
# webtalk_add_data -client project -key date_generated -value "2016-11-29 20:36:31" -context "software_version_and_target_device"
# webtalk_add_data -client project -key product_version -value "SDK v2016.3" -context "software_version_and_target_device"
# webtalk_add_data -client project -key build_version -value "2016.3" -context "software_version_and_target_device"
# webtalk_add_data -client project -key os_platform -value "amd64" -context "software_version_and_target_device"
# webtalk_add_data -client project -key registration_id -value "" -context "software_version_and_target_device"
# webtalk_add_data -client project -key tool_flow -value "SDK" -context "software_version_and_target_device"
# webtalk_add_data -client project -key beta -value "false" -context "software_version_and_target_device"
# webtalk_add_data -client project -key route_design -value "NA" -context "software_version_and_target_device"
# webtalk_add_data -client project -key target_family -value "NA" -context "software_version_and_target_device"
# webtalk_add_data -client project -key target_device -value "NA" -context "software_version_and_target_device"
# webtalk_add_data -client project -key target_package -value "NA" -context "software_version_and_target_device"
# webtalk_add_data -client project -key target_speed -value "NA" -context "software_version_and_target_device"
# webtalk_add_data -client project -key random_id -value "c0p64jqrqj0lvohn4b4tvh5m54" -context "software_version_and_target_device"
# webtalk_add_data -client project -key project_id -value "2016.3_26" -context "software_version_and_target_device"
# webtalk_add_data -client project -key project_iteration -value "26" -context "software_version_and_target_device"
# webtalk_add_data -client project -key os_name -value "Microsoft Windows 7 , 64-bit" -context "user_environment"
# webtalk_add_data -client project -key os_release -value "Service Pack 1  (build 7601)" -context "user_environment"
# webtalk_add_data -client project -key cpu_name -value "Intel(R) Core(TM) i7-6700K CPU @ 4.00GHz" -context "user_environment"
# webtalk_add_data -client project -key cpu_speed -value "4008 MHz" -context "user_environment"
# webtalk_add_data -client project -key total_processors -value "1" -context "user_environment"
# webtalk_add_data -client project -key system_ram -value "17.000 GB" -context "user_environment"
# webtalk_register_client -client sdk
# webtalk_add_data -client sdk -key uid -value "1480444552799" -context "sdk\\\\hardware/1480444552799"
# webtalk_add_data -client sdk -key isZynq -value "false" -context "sdk\\\\hardware/1480444552799"
# webtalk_add_data -client sdk -key isZynqMP -value "false" -context "sdk\\\\hardware/1480444552799"
# webtalk_add_data -client sdk -key Processors -value "1" -context "sdk\\\\hardware/1480444552799"
# webtalk_add_data -client sdk -key VivadoVersion -value "2016.3" -context "sdk\\\\hardware/1480444552799"
# webtalk_add_data -client sdk -key Arch -value "artix7" -context "sdk\\\\hardware/1480444552799"
# webtalk_add_data -client sdk -key Device -value "7a15t" -context "sdk\\\\hardware/1480444552799"
# webtalk_add_data -client sdk -key IsHandoff -value "true" -context "sdk\\\\hardware/1480444552799"
# webtalk_add_data -client sdk -key os -value "NA" -context "sdk\\\\hardware/1480444552799"
# webtalk_add_data -client sdk -key apptemplate -value "NA" -context "sdk\\\\hardware/1480444552799"
# webtalk_add_data -client sdk -key RecordType -value "HWCreation" -context "sdk\\\\hardware/1480444552799"
# webtalk_add_data -client sdk -key uid -value "NA" -context "sdk\\\\bsp/1480444591074"
# webtalk_add_data -client sdk -key RecordType -value "ToolUsage" -context "sdk\\\\bsp/1480444591074"
# webtalk_add_data -client sdk -key BootgenCount -value "0" -context "sdk\\\\bsp/1480444591074"
# webtalk_add_data -client sdk -key DebugCount -value "0" -context "sdk\\\\bsp/1480444591074"
# webtalk_add_data -client sdk -key PerfCount -value "0" -context "sdk\\\\bsp/1480444591074"
# webtalk_add_data -client sdk -key FlashCount -value "0" -context "sdk\\\\bsp/1480444591074"
# webtalk_add_data -client sdk -key CrossTriggCount -value "0" -context "sdk\\\\bsp/1480444591074"
# webtalk_add_data -client sdk -key QemuDebugCount -value "0" -context "sdk\\\\bsp/1480444591074"
# webtalk_transmit -clientid 351958339 -regid "" -xml D:\\Nora\\cmod_a7_projects\\microblaze_new\\microblaze_new.sdk\\webtalk\\usage_statistics_ext_sdk.xml -html D:\\Nora\\cmod_a7_projects\\microblaze_new\\microblaze_new.sdk\\webtalk\\usage_statistics_ext_sdk.html -wdm D:\\Nora\\cmod_a7_projects\\microblaze_new\\microblaze_new.sdk\\webtalk\\sdk_webtalk.wdm -intro "<H3>SDK Usage Report</H3><BR>"
INFO: [Common 17-186] 'D:\Nora\cmod_a7_projects\microblaze_new\microblaze_new.sdk\webtalk\usage_statistics_ext_sdk.xml' has been successfully sent to Xilinx on Tue Nov 29 20:36:35 2016. For additional details about this file, please refer to the WebTalk help file at D:/SDK/2016.3/doc/webtalk_introduction.html.
# webtalk_terminate
INFO: [Common 17-206] Exiting Webtalk at Tue Nov 29 20:36:35 2016...
